<?xml version="1.0" encoding="UTF-8"?>
<!-- Generated by org.testng.reporters.JUnitReportReporter -->
<testsuite hostname="Administrators-MacBook-Pro-3.local" name="com.skillsoft.restassured.Assignment_Restassured" tests="1" failures="0" timestamp="4 Aug 2016 13:05:33 GMT" time="1.176" errors="0">
  <testcase name="whenExpectationsDefinedThenAsStringReturnsCanReturnTheResponseBody" time="1.176" classname="com.skillsoft.restassured.Assignment_Restassured"/>
</testsuite> <!-- com.skillsoft.restassured.Assignment_Restassured -->
