<?xml version="1.0" encoding="UTF-8"?>
<!-- Generated by org.testng.reporters.JUnitReportReporter -->
<testsuite hostname="Administrators-MacBook-Pro-3.local" name="com.skillsoft.restassured.Assignment_Restassured" tests="1" failures="1" timestamp="2 Aug 2016 18:26:49 GMT" time="3.251" errors="0">
  <testcase name="useMultiplePathParameters" time="3.251" classname="com.skillsoft.restassured.Assignment_Restassured">
    <failure type="java.lang.AssertionError" message="1 expectation failed.
XML path key[0] doesn&#039;t match.
Expected: /books/OL22562084M
  Actual: nullnullnullnullnullnullnullnullnullnullnullnullnullnullnullnullnull/query is not found (Open Library)
        $().ready(setupSearch);
        $().ready(linkbuttons);
    nullClick here to skip to this page&#039;s main content.Hello!Open Librarylending library of over 250,000 eBooksSite SearchSite SearchKeywordnullnullMore search optionsnullShow only eBooksAdvanced SearchTitlenullnullAuthornullnullISBNnullnullSubjectnullnullPlacenullnullPersonnullnullPublishernullnullLog inSign UpSubjectsAuthorsAdd a BookListsRecentlyHelpnullOne web page for every book.nullnullnullnull404 - Page Not Found/query does not exist.nullnullnullMore Search OptionsTitlenullnullAuthornullnullISBNnullnullSubjectnullnullPlacenullnullPersonnullnullPublishernullnullSite SearchnullnullnullMore search optionsnullShow only eBooksTop|Home•Add a Book•Subjects|Authors|Lists•About Us|Help•DevelopersnullRoxana NastaseLeap of Faith36 seconds agoJohn PersonThe life of Greece22 minutes agoRoxana NastaseDouble-Edged3 minutes agoi r fireflyArsenic42 minutes agoAround the LibrarynullnullDebug StatsSUMMARY
total: {&#039;count&#039;: 0, &#039;unaccounted&#039;: 0.03333926200866699, &#039;time&#039;: 0.03720402717590332}
memcache.get: {&#039;count&#039;: 2, &#039;time&#039;: 0.0010619163513183594}
infobase: {&#039;count&#039;: 1, &#039;time&#039;: 0.0028028488159179688}
Details
memcache.get 0.00043511390686
    {&#039;hit&#039;: False, &#039;key&#039;: u&#039;/query&#039;}
infobase 0.00280284881592
    {&#039;path&#039;: &#039;/openlibrary.org/get&#039;, &#039;data&#039;: {&#039;key&#039;: u&#039;/query&#039;, &#039;revision&#039;: None}, &#039;method&#039;: &#039;GET&#039;, &#039;error&#039;: True}
memcache.get 0.000626802444458
    {&#039;hit&#039;: True, &#039;key&#039;: &#039;inlibrary.libraries-hash&#039;}

    $(document).ready(function() {
        $(document).keypress(function(e) {
            // Toggle debug stats on Ctrl+Alt+.
            if (e.altKey &amp;&amp; e.ctrlKey &amp;&amp; e.which == 46) {
                $(&quot;#debug-stats&quot;).toggle();
                document.getElementById(&quot;debug-stats&quot;).scrollIntoView();
            };
        });
    });
Internet ArchivenullprojectsWayback Machinearchive.orgarchive-it.orgTerms of Use
if (window.archive_analytics) {
  var vs = window.archive_analytics.get_data_packets();
  for (var i in vs) {
    vs[i][&#039;cache_bust&#039;]=Math.random();
    vs[i][&#039;server_ms&#039;]=38.2180213928;
    vs[i][&#039;server_name&#039;]=&#039;ol-web.us.archive.org&#039;;
    vs[i][&#039;service&#039;]=&#039;ol&#039;;
      }
  if(window.flights){
    window.flights.init();
  }
  if ($(&quot;.more_search&quot;).size()&gt;0) {
    window.archive_analytics.send_scroll_fetch_base_event();
  }
}

">
      <![CDATA[java.lang.AssertionError: 1 expectation failed.
XML path key[0] doesn't match.
Expected: /books/OL22562084M
  Actual: nullnullnullnullnullnullnullnullnullnullnullnullnullnullnullnullnull/query is not found (Open Library)
        $().ready(setupSearch);
        $().ready(linkbuttons);
    nullClick here to skip to this page's main content.Hello!Open Librarylending library of over 250,000 eBooksSite SearchSite SearchKeywordnullnullMore search optionsnullShow only eBooksAdvanced SearchTitlenullnullAuthornullnullISBNnullnullSubjectnullnullPlacenullnullPersonnullnullPublishernullnullLog inSign UpSubjectsAuthorsAdd a BookListsRecentlyHelpnullOne web page for every book.nullnullnullnull404 - Page Not Found/query does not exist.nullnullnullMore Search OptionsTitlenullnullAuthornullnullISBNnullnullSubjectnullnullPlacenullnullPersonnullnullPublishernullnullSite SearchnullnullnullMore search optionsnullShow only eBooksTop|Home•Add a Book•Subjects|Authors|Lists•About Us|Help•DevelopersnullRoxana NastaseLeap of Faith36 seconds agoJohn PersonThe life of Greece22 minutes agoRoxana NastaseDouble-Edged3 minutes agoi r fireflyArsenic42 minutes agoAround the LibrarynullnullDebug StatsSUMMARY
total: {'count': 0, 'unaccounted': 0.03333926200866699, 'time': 0.03720402717590332}
memcache.get: {'count': 2, 'time': 0.0010619163513183594}
infobase: {'count': 1, 'time': 0.0028028488159179688}
Details
memcache.get 0.00043511390686
    {'hit': False, 'key': u'/query'}
infobase 0.00280284881592
    {'path': '/openlibrary.org/get', 'data': {'key': u'/query', 'revision': None}, 'method': 'GET', 'error': True}
memcache.get 0.000626802444458
    {'hit': True, 'key': 'inlibrary.libraries-hash'}

    $(document).ready(function() {
        $(document).keypress(function(e) {
            // Toggle debug stats on Ctrl+Alt+.
            if (e.altKey && e.ctrlKey && e.which == 46) {
                $("#debug-stats").toggle();
                document.getElementById("debug-stats").scrollIntoView();
            };
        });
    });
Internet ArchivenullprojectsWayback Machinearchive.orgarchive-it.orgTerms of Use
if (window.archive_analytics) {
  var vs = window.archive_analytics.get_data_packets();
  for (var i in vs) {
    vs[i]['cache_bust']=Math.random();
    vs[i]['server_ms']=38.2180213928;
    vs[i]['server_name']='ol-web.us.archive.org';
    vs[i]['service']='ol';
      }
  if(window.flights){
    window.flights.init();
  }
  if ($(".more_search").size()>0) {
    window.archive_analytics.send_scroll_fetch_base_event();
  }
}


	at sun.reflect.NativeConstructorAccessorImpl.newInstance0(Native Method)
	at sun.reflect.NativeConstructorAccessorImpl.newInstance(NativeConstructorAccessorImpl.java:62)
	at sun.reflect.DelegatingConstructorAccessorImpl.newInstance(DelegatingConstructorAccessorImpl.java:45)
	at java.lang.reflect.Constructor.newInstance(Constructor.java:423)
	at org.codehaus.groovy.reflection.CachedConstructor.invoke(CachedConstructor.java:83)
	at org.codehaus.groovy.reflection.CachedConstructor.doConstructorInvoke(CachedConstructor.java:77)
	at org.codehaus.groovy.runtime.callsite.ConstructorSite$ConstructorSiteNoUnwrap.callConstructor(ConstructorSite.java:84)
	at org.codehaus.groovy.runtime.callsite.CallSiteArray.defaultCallConstructor(CallSiteArray.java:60)
	at org.codehaus.groovy.runtime.callsite.AbstractCallSite.callConstructor(AbstractCallSite.java:235)
	at org.codehaus.groovy.runtime.callsite.AbstractCallSite.callConstructor(AbstractCallSite.java:247)
	at io.restassured.internal.ResponseSpecificationImpl$HamcrestAssertionClosure.validate(ResponseSpecificationImpl.groovy:451)
	at io.restassured.internal.ResponseSpecificationImpl$HamcrestAssertionClosure$validate$1.call(Unknown Source)
	at org.codehaus.groovy.runtime.callsite.CallSiteArray.defaultCall(CallSiteArray.java:48)
	at org.codehaus.groovy.runtime.callsite.AbstractCallSite.call(AbstractCallSite.java:113)
	at org.codehaus.groovy.runtime.callsite.AbstractCallSite.call(AbstractCallSite.java:125)
	at io.restassured.internal.ResponseSpecificationImpl.validateResponseIfRequired(ResponseSpecificationImpl.groovy:613)
	at sun.reflect.NativeMethodAccessorImpl.invoke0(Native Method)
	at sun.reflect.NativeMethodAccessorImpl.invoke(NativeMethodAccessorImpl.java:62)
	at sun.reflect.DelegatingMethodAccessorImpl.invoke(DelegatingMethodAccessorImpl.java:43)
	at java.lang.reflect.Method.invoke(Method.java:498)
	at org.codehaus.groovy.runtime.callsite.PogoMetaMethodSite$PogoCachedMethodSiteNoUnwrapNoCoerce.invoke(PogoMetaMethodSite.java:210)
	at org.codehaus.groovy.runtime.callsite.PogoMetaMethodSite.callCurrent(PogoMetaMethodSite.java:59)
	at org.codehaus.groovy.runtime.callsite.CallSiteArray.defaultCallCurrent(CallSiteArray.java:52)
	at org.codehaus.groovy.runtime.callsite.AbstractCallSite.callCurrent(AbstractCallSite.java:154)
	at org.codehaus.groovy.runtime.callsite.AbstractCallSite.callCurrent(AbstractCallSite.java:166)
	at io.restassured.internal.ResponseSpecificationImpl.content(ResponseSpecificationImpl.groovy:251)
	at io.restassured.specification.ResponseSpecification$content$0.callCurrent(Unknown Source)
	at org.codehaus.groovy.runtime.callsite.CallSiteArray.defaultCallCurrent(CallSiteArray.java:52)
	at org.codehaus.groovy.runtime.callsite.AbstractCallSite.callCurrent(AbstractCallSite.java:154)
	at org.codehaus.groovy.runtime.callsite.AbstractCallSite.callCurrent(AbstractCallSite.java:190)
	at io.restassured.internal.ResponseSpecificationImpl.body(ResponseSpecificationImpl.groovy:234)
	at io.restassured.internal.ValidatableResponseOptionsImpl.body(ValidatableResponseOptionsImpl.java:268)
	at com.skillsoft.restassured.Assignment_Restassured.useMultiplePathParameters(Assignment_Restassured.java:113)
	at sun.reflect.NativeMethodAccessorImpl.invoke0(Native Method)
	at sun.reflect.NativeMethodAccessorImpl.invoke(NativeMethodAccessorImpl.java:62)
	at sun.reflect.DelegatingMethodAccessorImpl.invoke(DelegatingMethodAccessorImpl.java:43)
	at java.lang.reflect.Method.invoke(Method.java:498)
	at org.testng.internal.MethodInvocationHelper.invokeMethod(MethodInvocationHelper.java:86)
	at org.testng.internal.Invoker.invokeMethod(Invoker.java:643)
	at org.testng.internal.Invoker.invokeTestMethod(Invoker.java:820)
	at org.testng.internal.Invoker.invokeTestMethods(Invoker.java:1128)
	at org.testng.internal.TestMethodWorker.invokeTestMethods(TestMethodWorker.java:129)
	at org.testng.internal.TestMethodWorker.run(TestMethodWorker.java:112)
	at org.testng.TestRunner.privateRun(TestRunner.java:782)
	at org.testng.TestRunner.run(TestRunner.java:632)
	at org.testng.SuiteRunner.runTest(SuiteRunner.java:366)
	at org.testng.SuiteRunner.runSequentially(SuiteRunner.java:361)
	at org.testng.SuiteRunner.privateRun(SuiteRunner.java:319)
	at org.testng.SuiteRunner.run(SuiteRunner.java:268)
	at org.testng.SuiteRunnerWorker.runSuite(SuiteRunnerWorker.java:52)
	at org.testng.SuiteRunnerWorker.run(SuiteRunnerWorker.java:86)
	at org.testng.TestNG.runSuitesSequentially(TestNG.java:1244)
	at org.testng.TestNG.runSuitesLocally(TestNG.java:1169)
	at org.testng.TestNG.run(TestNG.java:1064)
	at org.testng.remote.AbstractRemoteTestNG.run(AbstractRemoteTestNG.java:126)
	at org.testng.remote.RemoteTestNG.initAndRun(RemoteTestNG.java:137)
	at org.testng.remote.RemoteTestNG.main(RemoteTestNG.java:58)
]]>
    </failure>
  </testcase> <!-- useMultiplePathParameters -->
</testsuite> <!-- com.skillsoft.restassured.Assignment_Restassured -->
