<?xml version="1.0" encoding="UTF-8"?>
<!-- Generated by org.testng.reporters.JUnitReportReporter -->
<testsuite hostname="AdministorsMBP3.home" name="com.skillsoft.restassured.OpenLibSeleniumTestNg" tests="1" failures="0" timestamp="5 Aug 2016 00:28:19 GMT" time="3.384" errors="0">
  <testcase name="openLibLogin" time="3.384" classname="com.skillsoft.restassured.OpenLibSeleniumTestNg"/>
</testsuite> <!-- com.skillsoft.restassured.OpenLibSeleniumTestNg -->
